Arguments: 
  C:\Program Files\Coding\nodejs\node.exe C:\Users\chillout\AppData\Roaming\npm\node_modules\yarn\bin\yarn.js add moment

PATH: 
  C:\Users\chillout\bin;C:\Program Files\Coding\Git\mingw64\bin;C:\Program Files\Coding\Git\usr\local\bin;C:\Program Files\Coding\Git\usr\bin;C:\Program Files\Coding\Git\usr\bin;C:\Program Files\Coding\Git\mingw64\bin;C:\Program Files\Coding\Git\usr\bin;C:\Users\chillout\bin;C:\Program Files\Common Files\Oracle\Java\javapath;C:\Program Files (x86)\Common Files\Oracle\Java\javapath;C:\Program Files\Microsoft\jdk-11.0.12.7-hotspot\bin;C:\Python311\Scripts;C:\Python311;C:\WINDOWS\system32;C:\WINDOWS;C:\WINDOWS\System32\Wbem;C:\WINDOWS\System32\WindowsPowerShell\v1.0;C:\WINDOWS\System32\OpenSSH;C:\Program Files\Coding\nodejs;C:\ProgramData\chocolatey\bin;C:\Program Files\Coding\Git\cmd;C:\mongosh-1.6.2\bin;C:\Program Files\MongoDB\Server\6.0\bin;C:\Program Files\Microsoft SQL Server\150\Tools\Binn;C:\Program Files\Microsoft SQL Server\Client SDK\ODBC\170\Tools\Binn;C:\Program Files\dotnet;C:\Program Files\Docker\Docker\resources\bin;C:\Program Files\MySQL\MySQL Shell 8.0\bin;C:\Users\chillout\AppData\Local\Microsoft\WindowsApps;C:\Users\chillout\AppData\Local\Programs\Microsoft VS Code\bin;C:\Users\chillout\AppData\Roaming\npm;C:\Users\chillout\AppData\Local\GitHubDesktop\bin;C:\Users\chillout\.dotnet\tools;C:\Program Files (x86)\Microsoft VS Code\bin;C:\Program Files\JetBrains\IntelliJ IDEA Community Edition 2023.1\bin;C:\Program Files\Coding\Git\usr\bin\vendor_perl;C:\Program Files\Coding\Git\usr\bin\core_perl

Yarn version: 
  1.22.19

Node version: 
  18.12.1

Platform: 
  win32 x64

Trace: 
  Error: EPERM: operation not permitted, unlink 'C:\Code\Dojo\Projects\JS\deskSpaces\client\node_modules\@esbuild\win32-x64\esbuild.exe'

npm manifest: 
  {
    "name": "client",
    "private": true,
    "version": "0.0.0",
    "type": "module",
    "scripts": {
      "dev": "vite",
      "build": "vite build",
      "lint": "eslint src --ext js,jsx --report-unused-disable-directives --max-warnings 0",
      "preview": "vite preview"
    },
    "dependencies": {
      "@emotion/react": "^11.11.0",
      "@emotion/styled": "^11.11.0",
      "@mui/icons-material": "^5.11.16",
      "@mui/material": "^5.13.0",
      "@tanstack/react-query": "^4.29.7",
      "axios": "^1.4.0",
      "moment": "^2.29.4",
      "react": "^18.2.0",
      "react-dom": "^18.2.0",
      "react-quill": "^2.0.0",
      "react-router-dom": "^6.11.1",
      "sass": "^1.62.1"
    },
    "devDependencies": {
      "@types/react": "^18.0.28",
      "@types/react-dom": "^18.0.11",
      "@vitejs/plugin-react": "^4.0.0",
      "eslint": "^8.38.0",
      "eslint-plugin-react": "^7.32.2",
      "eslint-plugin-react-hooks": "^4.6.0",
      "eslint-plugin-react-refresh": "^0.3.4",
      "vite": "^4.3.2"
    }
  }

yarn manifest: 
  No manifest

Lockfile: 
  No lockfile
